Build started 22.12.2015 16:42:24.
     1>Project "C:\Users\Basti\Desktop\HAW\5. Semester\AVPRG\Synth\Builds\VisualStudio2013\Synth.vcxproj" on node 2 (Build target(s)).
     1>ClCompile:
         C:\Program Files (x86)\Microsoft Visual Studio 12.0\VC\bin\CL.exe /c /I..\..\JuceLibraryCode /I"C:\juce-grapefruit-windows\modules" /I"c:\VST3 SDK" /ZI /nologo /W4 /WX- /MP /Od /Oy- /D _CRT_SECURE_NO_WARNINGS /D WIN32 /D _WINDOWS /D DEBUG /D _DEBUG /D JUCER_VS2013_78A5020=1 /D JUCE_APP_VERSION=1.0.0 /D JUCE_APP_VERSION_HEX=0x10000 /D _WINDLL /Gm- /EHsc /MDd /GS /fp:precise /Zc:wchar_t /Zc:forScope /GR /Fo"Debug\\" /Fd"Debug\\vc120.pdb" /Gd /TP /analyze- /errorReport:prompt ..\..\Source\PluginProcessor.cpp ..\..\Source\PluginEditor.cpp
         PluginProcessor.cpp
         PluginEditor.cpp
     1>c:\users\basti\desktop\haw\5. semester\avprg\synth\source\plugineditor.cpp(85): warning C4189: 'ourProcessor' : local variable is initialized but not referenced
     1>c:\users\basti\desktop\haw\5. semester\avprg\synth\source\pluginprocessor.cpp(40): warning C4100: 'index' : unreferenced formal parameter
     1>c:\users\basti\desktop\haw\5. semester\avprg\synth\source\pluginprocessor.cpp(45): warning C4100: 'index' : unreferenced formal parameter
     1>c:\users\basti\desktop\haw\5. semester\avprg\synth\source\pluginprocessor.cpp(89): warning C4100: 'index' : unreferenced formal parameter
     1>c:\users\basti\desktop\haw\5. semester\avprg\synth\source\pluginprocessor.cpp(93): warning C4100: 'index' : unreferenced formal parameter
     1>c:\users\basti\desktop\haw\5. semester\avprg\synth\source\pluginprocessor.cpp(98): warning C4100: 'newName' : unreferenced formal parameter
     1>c:\users\basti\desktop\haw\5. semester\avprg\synth\source\pluginprocessor.cpp(98): warning C4100: 'index' : unreferenced formal parameter
     1>c:\users\basti\desktop\haw\5. semester\avprg\synth\source\pluginprocessor.cpp(103): warning C4100: 'samplesPerBlock' : unreferenced formal parameter
     1>c:\users\basti\desktop\haw\5. semester\avprg\synth\source\pluginprocessor.cpp(103): warning C4100: 'sampleRate' : unreferenced formal parameter
     1>c:\users\basti\desktop\haw\5. semester\avprg\synth\source\pluginprocessor.cpp(115): warning C4100: 'midiMessages' : unreferenced formal parameter
     1>c:\users\basti\desktop\haw\5. semester\avprg\synth\source\pluginprocessor.cpp(130): warning C4189: 'channelData' : local variable is initialized but not referenced
     1>c:\users\basti\desktop\haw\5. semester\avprg\synth\source\pluginprocessor.cpp(148): warning C4100: 'destData' : unreferenced formal parameter
     1>c:\users\basti\desktop\haw\5. semester\avprg\synth\source\pluginprocessor.cpp(155): warning C4100: 'sizeInBytes' : unreferenced formal parameter
     1>c:\users\basti\desktop\haw\5. semester\avprg\synth\source\pluginprocessor.cpp(155): warning C4100: 'data' : unreferenced formal parameter
         C:\Program Files (x86)\Microsoft Visual Studio 12.0\VC\bin\CL.exe /c /I..\..\JuceLibraryCode /I"C:\juce-grapefruit-windows\modules" /I"c:\VST3 SDK" /ZI /nologo /W4 /WX- /MP /Od /Oy- /D _CRT_SECURE_NO_WARNINGS /D WIN32 /D _WINDOWS /D DEBUG /D _DEBUG /D JUCER_VS2013_78A5020=1 /D JUCE_APP_VERSION=1.0.0 /D JUCE_APP_VERSION_HEX=0x10000 /D _WINDLL /Gm- /EHsc /MDd /GS /fp:precise /Zc:wchar_t /Zc:forScope /GR /Fo"Debug\\" /Fd"Debug\\vc120.pdb" /Gz /TP /analyze- /errorReport:prompt "..\..\..\..\..\..\..\..\..\juce-grapefruit-windows\modules\juce_audio_plugin_client\RTAS\juce_RTAS_DigiCode1.cpp" "..\..\..\..\..\..\..\..\..\juce-grapefruit-windows\modules\juce_audio_plugin_client\RTAS\juce_RTAS_DigiCode2.cpp" "..\..\..\..\..\..\..\..\..\juce-grapefruit-windows\modules\juce_audio_plugin_client\RTAS\juce_RTAS_DigiCode3.cpp" "..\..\..\..\..\..\..\..\..\juce-grapefruit-windows\modules\juce_audio_plugin_client\RTAS\juce_RTAS_WinUtilities.cpp" "..\..\..\..\..\..\..\..\..\juce-grapefruit-windows\modules\juce_audio_plugin_client\RTAS\juce_RTAS_Wrapper.cpp"
         juce_RTAS_DigiCode1.cpp
         juce_RTAS_DigiCode2.cpp
         juce_RTAS_DigiCode3.cpp
         juce_RTAS_WinUtilities.cpp
         juce_RTAS_Wrapper.cpp
       ResourceCompile:
         C:\Program Files (x86)\Windows Kits\8.1\bin\x86\rc.exe /D _DEBUG /l"0x0409" /nologo /fo"Debug\resources.res" .\resources.rc 
       Link:
         C:\Program Files (x86)\Microsoft Visual Studio 12.0\VC\bin\link.exe /ERRORREPORT:PROMPT /OUT:"C:\Users\Basti\Desktop\HAW\5. Semester\AVPRG\Synth\Builds\VisualStudio2013\Debug\\Synth.dll" /NOLOGO kernel32.lib user32.lib gdi32.lib winspool.lib comdlg32.lib advapi32.lib shell32.lib ole32.lib oleaut32.lib uuid.lib odbc32.lib odbccp32.lib /NODEFAULTLIB:libcmt.lib /NODEFAULTLIB:msvcrt.lib /MANIFEST /MANIFESTUAC:"level='asInvoker' uiAccess='false'" /manifest:embed /DEBUG /PDB:"Debug\\Synth.pdb" /SUBSYSTEM:WINDOWS /LARGEADDRESSAWARE /TLBID:1 /DYNAMICBASE /NXCOMPAT /IMPLIB:"C:\Users\Basti\Desktop\HAW\5. Semester\AVPRG\Synth\Builds\VisualStudio2013\Debug\Synth.lib" /MACHINE:X86 /SAFESEH:NO /FORCE:multiple /DLL Debug\resources.res
         Debug\\PluginProcessor.obj
         Debug\\PluginEditor.obj
         Debug\\juce_AAX_Wrapper.obj
         Debug\\juce_audio_basics.obj
         Debug\\juce_audio_devices.obj
         Debug\\juce_audio_formats.obj
         Debug\\juce_audio_processors.obj
         Debug\\juce_core.obj
         Debug\\juce_cryptography.obj
         Debug\\juce_data_structures.obj
         Debug\\juce_events.obj
         Debug\\juce_graphics.obj
         Debug\\juce_gui_basics.obj
         Debug\\juce_gui_extra.obj
         Debug\\juce_opengl.obj
         Debug\\juce_PluginUtilities.obj
         Debug\\juce_RTAS_DigiCode1.obj
         Debug\\juce_RTAS_DigiCode2.obj
         Debug\\juce_RTAS_DigiCode3.obj
         Debug\\juce_RTAS_WinUtilities.obj
         Debug\\juce_RTAS_Wrapper.obj
         Debug\\juce_video.obj
         Debug\\juce_VST_Wrapper.obj
         Debug\\juce_VST3_Wrapper.obj
     1>PluginProcessor.obj : warning LNK4075: ignoring '/EDITANDCONTINUE' due to '/OPT:LBR' specification
            Creating library C:\Users\Basti\Desktop\HAW\5. Semester\AVPRG\Synth\Builds\VisualStudio2013\Debug\Synth.lib and object C:\Users\Basti\Desktop\HAW\5. Semester\AVPRG\Synth\Builds\VisualStudio2013\Debug\Synth.exp
         Synth.vcxproj -> C:\Users\Basti\Desktop\HAW\5. Semester\AVPRG\Synth\Builds\VisualStudio2013\Debug\Synth.dll
     1>Done Building Project "C:\Users\Basti\Desktop\HAW\5. Semester\AVPRG\Synth\Builds\VisualStudio2013\Synth.vcxproj" (Build target(s)).

Build succeeded.

Time Elapsed 00:00:12.64
